<?xml version="1.0" encoding="UTF-8"?>
<!-- Generated by org.testng.reporters.JUnitXMLReporter -->
<testsuite ignored="0" hostname="ASUS-PC" failures="0" tests="7" name="Default test" time="0.694" errors="0" timestamp="2021-11-24T18:35:48 EST">
  <testcase classname="com.automation.pages.Base_Class_LinkedLink" name="@BeforeTest setUp" time="-1.637796948226E9">
    <failure type="org.testng.TestNGException" message="
Parameter &amp;apos;browserName&amp;apos; is required by BeforeTest on method setUp but has not been marked @Optional or defined
in C:\Users\Supriya\AppData\Local\Temp\testng-eclipse--130390917\testng-customsuite.xml">
      <![CDATA[org.testng.TestNGException: 
Parameter 'browserName' is required by BeforeTest on method setUp but has not been marked @Optional or defined
in C:\Users\Supriya\AppData\Local\Temp\testng-eclipse--130390917\testng-customsuite.xml
at org.testng.internal.Parameters.createParams(Parameters.java:270)
at org.testng.internal.Parameters.createParametersForMethod(Parameters.java:358)
at org.testng.internal.Parameters.createParameters(Parameters.java:700)
at org.testng.internal.Parameters.createConfigurationParameters(Parameters.java:168)
at org.testng.internal.ConfigInvoker.invokeConfigurations(ConfigInvoker.java:302)
at org.testng.TestRunner.invokeTestConfigurations(TestRunner.java:637)
at org.testng.TestRunner.beforeRun(TestRunner.java:627)
at org.testng.TestRunner.run(TestRunner.java:589)
at org.testng.SuiteRunner.runTest(SuiteRunner.java:377)
at org.testng.SuiteRunner.runSequentially(SuiteRunner.java:371)
at org.testng.SuiteRunner.privateRun(SuiteRunner.java:332)
at org.testng.SuiteRunner.run(SuiteRunner.java:276)
at org.testng.SuiteRunnerWorker.runSuite(SuiteRunnerWorker.java:53)
at org.testng.SuiteRunnerWorker.run(SuiteRunnerWorker.java:96)
at org.testng.TestNG.runSuitesSequentially(TestNG.java:1212)
at org.testng.TestNG.runSuitesLocally(TestNG.java:1134)
at org.testng.TestNG.runSuites(TestNG.java:1063)
at org.testng.TestNG.run(TestNG.java:1031)
at org.testng.remote.AbstractRemoteTestNG.run(AbstractRemoteTestNG.java:115)
at org.testng.remote.RemoteTestNG.initAndRun(RemoteTestNG.java:251)
at org.testng.remote.RemoteTestNG.main(RemoteTestNG.java:77)
]]>
    </failure>
  </testcase> <!-- @BeforeTest setUp -->
  <testcase classname="com.automation.testcases.TestClass_TryHere" name="@AfterTest close" time="-1.637796948886E9">
    <skipped/>
  </testcase> <!-- @AfterTest close -->
  <testcase classname="com.automation.testcases.TestClass_TryHere" name="ChooseIntroduction_LL_Check_Links_On_Page" time="0.0">
    <skipped/>
  </testcase> <!-- ChooseIntroduction_LL_Check_Links_On_Page -->
  <testcase classname="com.automation.testcases.TestClass_TryHere" name="Creating_Linked_List" time="0.0">
    <skipped/>
  </testcase> <!-- Creating_Linked_List -->
  <testcase classname="com.automation.testcases.TestClass_TryHere" name="Deletion" time="0.0">
    <skipped/>
  </testcase> <!-- Deletion -->
  <testcase classname="com.automation.testcases.TestClass_TryHere" name="Implement_Linked_List_In_Python" time="0.0">
    <skipped/>
  </testcase> <!-- Implement_Linked_List_In_Python -->
  <testcase classname="com.automation.testcases.TestClass_TryHere" name="Insertion" time="0.0">
    <skipped/>
  </testcase> <!-- Insertion -->
  <testcase classname="com.automation.testcases.TestClass_TryHere" name="Traversal" time="0.0">
    <skipped/>
  </testcase> <!-- Traversal -->
  <testcase classname="com.automation.testcases.TestClass_TryHere" name="Types_Of_Linked_List" time="0.0">
    <skipped/>
  </testcase> <!-- Types_Of_Linked_List -->
</testsuite> <!-- Default test -->
